<?xml version="1.0" encoding="UTF-8"?>
<?xml-stylesheet type="text/xsl" href="ivy-report.xsl"?>
<ivy-report version="1.0">
	<info
		organisation="test-scala"
		module="test-scala_2.11"
		revision="1.0"
		conf="compile-internal"
		confs="compile, runtime, test, provided, optional, compile-internal, runtime-internal, test-internal, plugin, sources, docs, pom, scala-tool"
		date="20150521133935"/>
	<dependencies>
		<module organisation="com.typesafe.akka" name="akka-cluster_2.11">
			<revision name="2.3.9" status="release" pubdate="20150120012215" resolver="sbt-chain" artresolver="sbt-chain" homepage="http://akka.io/" downloaded="false" searched="false" default="false" conf="default, compile, runtime, default(compile), master" position="12">
				<license name="Apache License, Version 2.0" url="http://www.apache.org/licenses/LICENSE-2.0"/>
				<metadata-artifact status="no" details="" size="3180" time="0" location="/home/ehongka/.ivy2/cache/com.typesafe.akka/akka-cluster_2.11/ivy-2.3.9.xml" searched="false" origin-is-local="false" origin-location="https://repo1.maven.org/maven2/com/typesafe/akka/akka-cluster_2.11/2.3.9/akka-cluster_2.11-2.3.9.pom"/>
				<caller organisation="test-scala" name="test-scala_2.11" conf="compile-internal, compile, provided, optional" rev="2.3.9" rev-constraint-default="2.3.9" rev-constraint-dynamic="2.3.9" callerrev="1.0"/>
				<artifacts>
					<artifact name="akka-cluster_2.11" type="jar" ext="jar" status="no" details="" size="1059042" time="0" location="/home/ehongka/.ivy2/cache/com.typesafe.akka/akka-cluster_2.11/jars/akka-cluster_2.11-2.3.9.jar">
						<origin-location is-local="false" location="https://repo1.maven.org/maven2/com/typesafe/akka/akka-cluster_2.11/2.3.9/akka-cluster_2.11-2.3.9.jar"/>
					</artifact>
				</artifacts>
			</revision>
		</module>
		<module organisation="com.typesafe.akka" name="akka-remote_2.11">
			<revision name="2.3.9" status="release" pubdate="20150120012018" resolver="sbt-chain" artresolver="sbt-chain" homepage="http://akka.io/" downloaded="false" searched="false" default="false" conf="compile, runtime(*), master(compile), runtime, compile(*), master" position="13">
				<license name="Apache License, Version 2.0" url="http://www.apache.org/licenses/LICENSE-2.0"/>
				<metadata-artifact status="no" details="" size="3822" time="0" location="/home/ehongka/.ivy2/cache/com.typesafe.akka/akka-remote_2.11/ivy-2.3.9.xml" searched="false" origin-is-local="false" origin-location="https://repo1.maven.org/maven2/com/typesafe/akka/akka-remote_2.11/2.3.9/akka-remote_2.11-2.3.9.pom"/>
				<caller organisation="com.typesafe.akka" name="akka-cluster_2.11" conf="default, compile, runtime, master" rev="2.3.9" rev-constraint-default="2.3.9" rev-constraint-dynamic="2.3.9" callerrev="2.3.9"/>
				<artifacts>
					<artifact name="akka-remote_2.11" type="jar" ext="jar" status="no" details="" size="1333898" time="0" location="/home/ehongka/.ivy2/cache/com.typesafe.akka/akka-remote_2.11/jars/akka-remote_2.11-2.3.9.jar">
						<origin-location is-local="false" location="https://repo1.maven.org/maven2/com/typesafe/akka/akka-remote_2.11/2.3.9/akka-remote_2.11-2.3.9.jar"/>
					</artifact>
				</artifacts>
			</revision>
		</module>
		<module organisation="org.uncommons.maths" name="uncommons-maths">
			<revision name="1.2.2a" status="release" pubdate="20110408095605" resolver="sbt-chain" artresolver="sbt-chain" homepage="http://maths.uncommons.org/" downloaded="false" searched="false" default="false" conf="compile, runtime(*), master(compile), runtime, compile(*), master" position="16">
				<license name="Apache License, Version 2.0" url="http://www.apache.org/licenses/LICENSE-2.0.html"/>
				<metadata-artifact status="no" details="" size="2750" time="0" location="/home/ehongka/.ivy2/cache/org.uncommons.maths/uncommons-maths/ivy-1.2.2a.xml" searched="false" origin-is-local="false" origin-location="https://repo1.maven.org/maven2/org/uncommons/maths/uncommons-maths/1.2.2a/uncommons-maths-1.2.2a.pom"/>
				<caller organisation="com.typesafe.akka" name="akka-remote_2.11" conf="compile, runtime" rev="1.2.2a" rev-constraint-default="1.2.2a" rev-constraint-dynamic="1.2.2a" callerrev="2.3.9"/>
				<artifacts>
					<artifact name="uncommons-maths" type="jar" ext="jar" status="no" details="" size="49019" time="0" location="/home/ehongka/.ivy2/cache/org.uncommons.maths/uncommons-maths/jars/uncommons-maths-1.2.2a.jar">
						<origin-location is-local="false" location="https://repo1.maven.org/maven2/org/uncommons/maths/uncommons-maths/1.2.2a/uncommons-maths-1.2.2a.jar"/>
					</artifact>
				</artifacts>
			</revision>
		</module>
		<module organisation="io.netty" name="netty">
			<revision name="3.8.0.Final" status="release" pubdate="20131107042312" resolver="sbt-chain" artresolver="sbt-chain" homepage="http://netty.io/" downloaded="false" searched="false" default="false" conf="compile, runtime(*), master(compile), runtime, compile(*), master" position="14">
				<license name="Apache License, Version 2.0" url="http://www.apache.org/licenses/LICENSE-2.0"/>
				<metadata-artifact status="no" details="" size="6521" time="0" location="/home/ehongka/.ivy2/cache/io.netty/netty/ivy-3.8.0.Final.xml" searched="false" origin-is-local="false" origin-location="https://repo1.maven.org/maven2/io/netty/netty/3.8.0.Final/netty-3.8.0.Final.pom"/>
				<caller organisation="com.typesafe.akka" name="akka-remote_2.11" conf="compile, runtime" rev="3.8.0.Final" rev-constraint-default="3.8.0.Final" rev-constraint-dynamic="3.8.0.Final" callerrev="2.3.9"/>
				<artifacts>
					<artifact name="netty" type="bundle" ext="jar" status="no" details="" size="1230201" time="0" location="/home/ehongka/.ivy2/cache/io.netty/netty/bundles/netty-3.8.0.Final.jar">
						<origin-location is-local="false" location="https://repo1.maven.org/maven2/io/netty/netty/3.8.0.Final/netty-3.8.0.Final.jar"/>
					</artifact>
				</artifacts>
			</revision>
		</module>
		<module organisation="com.google.protobuf" name="protobuf-java">
			<revision name="2.5.0" status="release" pubdate="20130307191811" resolver="sbt-chain" artresolver="sbt-chain" homepage="http://code.google.com/p/protobuf" downloaded="false" searched="false" default="false" conf="compile, runtime(*), master(compile), runtime, compile(*), master" position="15">
				<license name="New BSD license" url="http://www.opensource.org/licenses/bsd-license.php"/>
				<metadata-artifact status="no" details="" size="3013" time="0" location="/home/ehongka/.ivy2/cache/com.google.protobuf/protobuf-java/ivy-2.5.0.xml" searched="false" origin-is-local="false" origin-location="https://repo1.maven.org/maven2/com/google/protobuf/protobuf-java/2.5.0/protobuf-java-2.5.0.pom"/>
				<caller organisation="com.typesafe.akka" name="akka-remote_2.11" conf="compile, runtime" rev="2.5.0" rev-constraint-default="2.5.0" rev-constraint-dynamic="2.5.0" callerrev="2.3.9"/>
				<artifacts>
					<artifact name="protobuf-java" type="bundle" ext="jar" status="no" details="" size="533455" time="0" location="/home/ehongka/.ivy2/cache/com.google.protobuf/protobuf-java/bundles/protobuf-java-2.5.0.jar">
						<origin-location is-local="false" location="https://repo1.maven.org/maven2/com/google/protobuf/protobuf-java/2.5.0/protobuf-java-2.5.0.jar"/>
					</artifact>
				</artifacts>
			</revision>
		</module>
		<module organisation="com.typesafe.akka" name="akka-actor_2.11">
			<revision name="2.3.9" status="release" pubdate="20150120011810" resolver="sbt-chain" artresolver="sbt-chain" homepage="http://akka.io/" downloaded="false" searched="false" default="false" conf="default, compile, runtime(*), master(compile), runtime, default(compile), compile(*), master" position="10">
				<license name="Apache License, Version 2.0" url="http://www.apache.org/licenses/LICENSE-2.0"/>
				<metadata-artifact status="no" details="" size="2666" time="0" location="/home/ehongka/.ivy2/cache/com.typesafe.akka/akka-actor_2.11/ivy-2.3.9.xml" searched="false" origin-is-local="false" origin-location="https://repo1.maven.org/maven2/com/typesafe/akka/akka-actor_2.11/2.3.9/akka-actor_2.11-2.3.9.pom"/>
				<caller organisation="com.typesafe.akka" name="akka-remote_2.11" conf="compile, runtime" rev="2.3.9" rev-constraint-default="2.3.9" rev-constraint-dynamic="2.3.9" callerrev="2.3.9"/>
				<caller organisation="test-scala" name="test-scala_2.11" conf="compile-internal, compile, provided, optional" rev="2.3.9" rev-constraint-default="2.3.9" rev-constraint-dynamic="2.3.9" callerrev="1.0"/>
				<artifacts>
					<artifact name="akka-actor_2.11" type="jar" ext="jar" status="no" details="" size="2571077" time="0" location="/home/ehongka/.ivy2/cache/com.typesafe.akka/akka-actor_2.11/jars/akka-actor_2.11-2.3.9.jar">
						<origin-location is-local="false" location="https://repo1.maven.org/maven2/com/typesafe/akka/akka-actor_2.11/2.3.9/akka-actor_2.11-2.3.9.jar"/>
					</artifact>
				</artifacts>
			</revision>
		</module>
		<module organisation="com.typesafe" name="config">
			<revision name="1.2.1" status="release" pubdate="20140502105416" resolver="sbt-chain" artresolver="sbt-chain" homepage="https://github.com/typesafehub/config" downloaded="false" searched="false" default="false" conf="compile, runtime(*), master(compile), runtime, compile(*), master" position="11">
				<license name="Apache License, Version 2.0" url="http://www.apache.org/licenses/LICENSE-2.0"/>
				<metadata-artifact status="no" details="" size="2752" time="0" location="/home/ehongka/.ivy2/cache/com.typesafe/config/ivy-1.2.1.xml" searched="false" origin-is-local="false" origin-location="https://repo1.maven.org/maven2/com/typesafe/config/1.2.1/config-1.2.1.pom"/>
				<caller organisation="com.typesafe.akka" name="akka-actor_2.11" conf="default, compile, runtime, master" rev="1.2.1" rev-constraint-default="1.2.1" rev-constraint-dynamic="1.2.1" callerrev="2.3.9"/>
				<artifacts>
					<artifact name="config" type="bundle" ext="jar" status="no" details="" size="219554" time="0" location="/home/ehongka/.ivy2/cache/com.typesafe/config/bundles/config-1.2.1.jar">
						<origin-location is-local="false" location="https://repo1.maven.org/maven2/com/typesafe/config/1.2.1/config-1.2.1.jar"/>
					</artifact>
				</artifacts>
			</revision>
		</module>
		<module organisation="ch.qos.logback" name="logback-classic">
			<revision name="1.0.3" status="release" pubdate="20120503183810" resolver="sbt-chain" artresolver="sbt-chain" homepage="http://logback.qos.ch" downloaded="false" searched="false" default="false" conf="default, compile, runtime, default(compile), master" position="8">
				<license name="Eclipse Public License - v 1.0" url="http://www.eclipse.org/legal/epl-v10.html"/>
				<license name="GNU Lesser General Public License" url="http://www.gnu.org/licenses/old-licenses/lgpl-2.1.html"/>
				<metadata-artifact status="no" details="" size="10023" time="0" location="/home/ehongka/.ivy2/cache/ch.qos.logback/logback-classic/ivy-1.0.3.xml" searched="false" origin-is-local="false" origin-location="http://repo1.maven.org/maven2/ch/qos/logback/logback-classic/1.0.3/logback-classic-1.0.3.pom"/>
				<caller organisation="test-scala" name="test-scala_2.11" conf="compile-internal, compile, provided, optional" rev="1.0.3" rev-constraint-default="1.0.3" rev-constraint-dynamic="1.0.3" callerrev="1.0"/>
				<artifacts>
					<artifact name="logback-classic" type="jar" ext="jar" status="no" details="" size="248737" time="0" location="/home/ehongka/.ivy2/cache/ch.qos.logback/logback-classic/jars/logback-classic-1.0.3.jar">
						<origin-location is-local="false" location="http://repo1.maven.org/maven2/ch/qos/logback/logback-classic/1.0.3/logback-classic-1.0.3.jar"/>
					</artifact>
				</artifacts>
			</revision>
		</module>
		<module organisation="ch.qos.logback" name="logback-core">
			<revision name="1.0.3" status="release" pubdate="20120503183655" resolver="sbt-chain" artresolver="sbt-chain" homepage="http://logback.qos.ch" downloaded="false" searched="false" default="false" conf="master(*), compile, runtime(*), runtime, compile(*), master" position="9">
				<license name="Eclipse Public License - v 1.0" url="http://www.eclipse.org/legal/epl-v10.html"/>
				<license name="GNU Lesser General Public License" url="http://www.gnu.org/licenses/old-licenses/lgpl-2.1.html"/>
				<metadata-artifact status="no" details="" size="9309" time="0" location="/home/ehongka/.ivy2/cache/ch.qos.logback/logback-core/ivy-1.0.3.xml" searched="false" origin-is-local="false" origin-location="http://repo1.maven.org/maven2/ch/qos/logback/logback-core/1.0.3/logback-core-1.0.3.pom"/>
				<caller organisation="ch.qos.logback" name="logback-classic" conf="default, compile, runtime, master" rev="1.0.3" rev-constraint-default="1.0.3" rev-constraint-dynamic="1.0.3" callerrev="1.0.3"/>
				<artifacts>
					<artifact name="logback-core" type="jar" ext="jar" status="no" details="" size="332478" time="0" location="/home/ehongka/.ivy2/cache/ch.qos.logback/logback-core/jars/logback-core-1.0.3.jar">
						<origin-location is-local="false" location="http://repo1.maven.org/maven2/ch/qos/logback/logback-core/1.0.3/logback-core-1.0.3.jar"/>
					</artifact>
				</artifacts>
			</revision>
		</module>
		<module organisation="com.typesafe.scala-logging" name="scala-logging_2.11">
			<revision name="3.1.0" status="release" pubdate="20140813103855" resolver="sbt-chain" artresolver="sbt-chain" homepage="https://github.com/typesafehub/scala-logging" downloaded="false" searched="false" default="false" conf="default, compile, runtime, default(compile), master" position="5">
				<license name="Apache 2.0 License" url="http://www.apache.org/licenses/LICENSE-2.0.html"/>
				<metadata-artifact status="no" details="" size="3186" time="0" location="/home/ehongka/.ivy2/cache/com.typesafe.scala-logging/scala-logging_2.11/ivy-3.1.0.xml" searched="false" origin-is-local="false" origin-location="http://repo1.maven.org/maven2/com/typesafe/scala-logging/scala-logging_2.11/3.1.0/scala-logging_2.11-3.1.0.pom"/>
				<caller organisation="test-scala" name="test-scala_2.11" conf="compile-internal, compile, provided, optional" rev="3.1.0" rev-constraint-default="3.1.0" rev-constraint-dynamic="3.1.0" callerrev="1.0"/>
				<artifacts>
					<artifact name="scala-logging_2.11" type="jar" ext="jar" status="no" details="" size="34335" time="0" location="/home/ehongka/.ivy2/cache/com.typesafe.scala-logging/scala-logging_2.11/jars/scala-logging_2.11-3.1.0.jar">
						<origin-location is-local="false" location="http://repo1.maven.org/maven2/com/typesafe/scala-logging/scala-logging_2.11/3.1.0/scala-logging_2.11-3.1.0.jar"/>
					</artifact>
				</artifacts>
			</revision>
		</module>
		<module organisation="org.slf4j" name="slf4j-api">
			<revision name="1.7.7" status="release" pubdate="20140404071248" resolver="sbt-chain" artresolver="sbt-chain" homepage="http://www.slf4j.org" downloaded="false" searched="false" default="false" conf="master(*), compile, runtime(*), runtime, compile(*), master" position="7">
				<metadata-artifact status="no" details="" size="2669" time="0" location="/home/ehongka/.ivy2/cache/org.slf4j/slf4j-api/ivy-1.7.7.xml" searched="false" origin-is-local="true" origin-location="/opt/activator-1.3.2/repository/org.slf4j/slf4j-api/1.7.7/ivys/ivy.xml"/>
				<caller organisation="com.typesafe.scala-logging" name="scala-logging_2.11" conf="default, compile, runtime, master" rev="1.7.7" rev-constraint-default="1.7.7" rev-constraint-dynamic="1.7.7" callerrev="3.1.0"/>
				<caller organisation="ch.qos.logback" name="logback-classic" conf="default, compile, runtime, master" rev="1.6.4" rev-constraint-default="1.6.4" rev-constraint-dynamic="1.6.4" callerrev="1.0.3"/>
				<artifacts>
					<artifact name="slf4j-api" type="jar" ext="jar" status="no" details="" size="29257" time="0" location="/opt/activator-1.3.2/repository/org.slf4j/slf4j-api/1.7.7/jars/slf4j-api.jar">
						<origin-location is-local="true" location="/opt/activator-1.3.2/repository/org.slf4j/slf4j-api/1.7.7/jars/slf4j-api.jar"/>
					</artifact>
				</artifacts>
			</revision>
			<revision name="1.6.4" evicted="latest-revision" evicted-reason="" downloaded="false" searched="false" conf="master(*), compile, runtime(*), runtime, compile(*), master" position="-1">
				<evicted-by rev="1.7.7"/>
				<caller organisation="ch.qos.logback" name="logback-classic" conf="default, compile, runtime, master" rev="1.6.4" rev-constraint-default="1.6.4" rev-constraint-dynamic="1.6.4" callerrev="1.0.3"/>
				<artifacts>
				</artifacts>
			</revision>
		</module>
		<module organisation="org.scala-lang" name="scala-reflect">
			<revision name="2.11.1" status="release" pubdate="20140520040246" resolver="sbt-chain" artresolver="sbt-chain" homepage="http://www.scala-lang.org/" extra-info.apiURL="http://www.scala-lang.org/api/2.11.1/" downloaded="false" searched="false" default="false" conf="master(*), compile, runtime(*), runtime, compile(*), master" position="6">
				<license name="BSD 3-Clause" url="http://www.scala-lang.org/license.html"/>
				<metadata-artifact status="no" details="" size="2627" time="0" location="/home/ehongka/.ivy2/cache/org.scala-lang/scala-reflect/ivy-2.11.1.xml" searched="false" origin-is-local="false" origin-location="file:/opt/activator-1.3.2/repository/org.scala-lang/scala-reflect/2.11.1/ivys/ivy.xml"/>
				<caller organisation="com.typesafe.scala-logging" name="scala-logging_2.11" conf="default, compile, runtime, master" rev="2.11.1" rev-constraint-default="2.11.1" rev-constraint-dynamic="2.11.1" callerrev="3.1.0"/>
				<artifacts>
					<artifact name="scala-reflect" type="jar" ext="jar" status="no" details="" size="4372892" time="0" location="/opt/activator-1.3.2/repository/org.scala-lang/scala-reflect/2.11.1/jars/scala-reflect.jar">
						<origin-location is-local="true" location="/opt/activator-1.3.2/repository/org.scala-lang/scala-reflect/2.11.1/jars/scala-reflect.jar"/>
					</artifact>
				</artifacts>
			</revision>
		</module>
		<module organisation="io.spray" name="spray-json_2.11">
			<revision name="1.3.2" status="release" pubdate="20150506100115" resolver="sbt-chain" artresolver="sbt-chain" homepage="https://github.com/spray/spray-json" downloaded="false" searched="false" default="false" conf="default, compile, runtime, default(compile), master" position="4">
				<license name="Apache 2" url="http://www.apache.org/licenses/LICENSE-2.0.txt"/>
				<metadata-artifact status="no" details="" size="2933" time="0" location="/home/ehongka/.ivy2/cache/io.spray/spray-json_2.11/ivy-1.3.2.xml" searched="false" origin-is-local="false" origin-location="http://repo1.maven.org/maven2/io/spray/spray-json_2.11/1.3.2/spray-json_2.11-1.3.2.pom"/>
				<caller organisation="test-scala" name="test-scala_2.11" conf="compile-internal, compile, provided, optional" rev="1.3.2" rev-constraint-default="1.3.2" rev-constraint-dynamic="1.3.2" callerrev="1.0"/>
				<artifacts>
					<artifact name="spray-json_2.11" type="bundle" ext="jar" status="no" details="" size="286389" time="0" location="/home/ehongka/.ivy2/cache/io.spray/spray-json_2.11/bundles/spray-json_2.11-1.3.2.jar">
						<origin-location is-local="false" location="http://repo1.maven.org/maven2/io/spray/spray-json_2.11/1.3.2/spray-json_2.11-1.3.2.jar"/>
					</artifact>
				</artifacts>
			</revision>
		</module>
		<module organisation="com.github.nscala-time" name="nscala-time_2.11">
			<revision name="2.0.0" status="release" pubdate="20150427201801" resolver="sbt-chain" artresolver="sbt-chain" homepage="https://github.com/nscala-time/nscala-time" downloaded="false" searched="false" default="false" conf="default, compile, runtime, default(compile), master" position="0">
				<license name="Apache" url="http://www.opensource.org/licenses/Apache-2.0"/>
				<metadata-artifact status="no" details="" size="2800" time="0" location="/home/ehongka/.ivy2/cache/com.github.nscala-time/nscala-time_2.11/ivy-2.0.0.xml" searched="false" origin-is-local="false" origin-location="http://repo1.maven.org/maven2/com/github/nscala-time/nscala-time_2.11/2.0.0/nscala-time_2.11-2.0.0.pom"/>
				<caller organisation="test-scala" name="test-scala_2.11" conf="compile-internal, compile, provided, optional" rev="2.0.0" rev-constraint-default="2.0.0" rev-constraint-dynamic="2.0.0" callerrev="1.0"/>
				<artifacts>
					<artifact name="nscala-time_2.11" type="jar" ext="jar" status="no" details="" size="196516" time="0" location="/home/ehongka/.ivy2/cache/com.github.nscala-time/nscala-time_2.11/jars/nscala-time_2.11-2.0.0.jar">
						<origin-location is-local="false" location="http://repo1.maven.org/maven2/com/github/nscala-time/nscala-time_2.11/2.0.0/nscala-time_2.11-2.0.0.jar"/>
					</artifact>
				</artifacts>
			</revision>
		</module>
		<module organisation="joda-time" name="joda-time">
			<revision name="2.7" status="release" pubdate="20150111195125" resolver="sbt-chain" artresolver="sbt-chain" homepage="http://www.joda.org/joda-time/" downloaded="false" searched="false" default="false" conf="master(*), compile, runtime(*), runtime, compile(*), master" position="2">
				<license name="Apache 2" url="http://www.apache.org/licenses/LICENSE-2.0.txt"/>
				<metadata-artifact status="no" details="" size="6448" time="0" location="/home/ehongka/.ivy2/cache/joda-time/joda-time/ivy-2.7.xml" searched="false" origin-is-local="false" origin-location="http://repo1.maven.org/maven2/joda-time/joda-time/2.7/joda-time-2.7.pom"/>
				<caller organisation="com.github.nscala-time" name="nscala-time_2.11" conf="default, compile, runtime, master" rev="2.7" rev-constraint-default="2.7" rev-constraint-dynamic="2.7" callerrev="2.0.0"/>
				<artifacts>
					<artifact name="joda-time" type="jar" ext="jar" status="no" details="" size="589289" time="0" location="/home/ehongka/.ivy2/cache/joda-time/joda-time/jars/joda-time-2.7.jar">
						<origin-location is-local="false" location="http://repo1.maven.org/maven2/joda-time/joda-time/2.7/joda-time-2.7.jar"/>
					</artifact>
				</artifacts>
			</revision>
		</module>
		<module organisation="org.joda" name="joda-convert">
			<revision name="1.2" status="release" pubdate="20111027155117" resolver="sbt-chain" artresolver="sbt-chain" homepage="http://joda-convert.sourceforge.net" downloaded="false" searched="false" default="false" conf="master(*), compile, runtime(*), runtime, compile(*), master" position="3">
				<license name="Apache 2" url="http://www.apache.org/licenses/LICENSE-2.0.txt"/>
				<metadata-artifact status="no" details="" size="3114" time="0" location="/home/ehongka/.ivy2/cache/org.joda/joda-convert/ivy-1.2.xml" searched="false" origin-is-local="false" origin-location="http://repo1.maven.org/maven2/org/joda/joda-convert/1.2/joda-convert-1.2.pom"/>
				<caller organisation="com.github.nscala-time" name="nscala-time_2.11" conf="default, compile, runtime, master" rev="1.2" rev-constraint-default="1.2" rev-constraint-dynamic="1.2" callerrev="2.0.0"/>
				<artifacts>
					<artifact name="joda-convert" type="jar" ext="jar" status="no" details="" size="38460" time="0" location="/home/ehongka/.ivy2/cache/org.joda/joda-convert/jars/joda-convert-1.2.jar">
						<origin-location is-local="false" location="http://repo1.maven.org/maven2/org/joda/joda-convert/1.2/joda-convert-1.2.jar"/>
					</artifact>
				</artifacts>
			</revision>
		</module>
		<module organisation="org.scala-lang" name="scala-library">
			<revision name="2.11.6" status="release" pubdate="20150225200105" resolver="sbt-chain" artresolver="sbt-chain" homepage="http://www.scala-lang.org/" extra-info.apiURL="http://www.scala-lang.org/api/2.11.6/" downloaded="false" searched="false" default="false" conf="master(*), compile, runtime(*), runtime, compile(*), master, default, default(compile), master(compile)" position="1">
				<license name="BSD 3-Clause" url="http://www.scala-lang.org/license.html"/>
				<metadata-artifact status="no" details="" size="2653" time="0" location="/home/ehongka/.ivy2/cache/org.scala-lang/scala-library/ivy-2.11.6.xml" searched="false" origin-is-local="false" origin-location="http://repo1.maven.org/maven2/org/scala-lang/scala-library/2.11.6/scala-library-2.11.6.pom"/>
				<caller organisation="com.typesafe.scala-logging" name="scala-logging_2.11" conf="default, compile, runtime, master" rev="2.11.1" rev-constraint-default="2.11.1" rev-constraint-dynamic="2.11.1" callerrev="3.1.0"/>
				<caller organisation="com.github.nscala-time" name="nscala-time_2.11" conf="default, compile, runtime, master" rev="2.11.6" rev-constraint-default="2.11.6" rev-constraint-dynamic="2.11.6" callerrev="2.0.0"/>
				<caller organisation="org.scala-lang" name="scala-reflect" conf="compile, runtime" rev="2.11.1" rev-constraint-default="2.11.1" rev-constraint-dynamic="2.11.1" callerrev="2.11.1"/>
				<caller organisation="com.typesafe.akka" name="akka-actor_2.11" conf="default, compile, runtime, master" rev="2.11.5" rev-constraint-default="2.11.5" rev-constraint-dynamic="2.11.5" callerrev="2.3.9"/>
				<caller organisation="com.typesafe.akka" name="akka-remote_2.11" conf="compile, runtime" rev="2.11.5" rev-constraint-default="2.11.5" rev-constraint-dynamic="2.11.5" callerrev="2.3.9"/>
				<caller organisation="test-scala" name="test-scala_2.11" conf="compile-internal, compile, provided, optional" rev="2.11.0" rev-constraint-default="2.11.0" rev-constraint-dynamic="2.11.0" callerrev="1.0"/>
				<caller organisation="io.spray" name="spray-json_2.11" conf="default, compile, runtime, master" rev="2.11.6" rev-constraint-default="2.11.6" rev-constraint-dynamic="2.11.6" callerrev="1.3.2"/>
				<caller organisation="com.typesafe.akka" name="akka-cluster_2.11" conf="default, compile, runtime, master" rev="2.11.5" rev-constraint-default="2.11.5" rev-constraint-dynamic="2.11.5" callerrev="2.3.9"/>
				<artifacts>
					<artifact name="scala-library" type="jar" ext="jar" status="no" details="" size="5564007" time="0" location="/home/ehongka/.ivy2/cache/org.scala-lang/scala-library/jars/scala-library-2.11.6.jar">
						<origin-location is-local="false" location="http://repo1.maven.org/maven2/org/scala-lang/scala-library/2.11.6/scala-library-2.11.6.jar"/>
					</artifact>
				</artifacts>
			</revision>
			<revision name="2.11.0" status="release" pubdate="20140416051332" resolver="sbt-chain" artresolver="sbt-chain" evicted="latest-revision" evicted-reason="" homepage="http://www.scala-lang.org/" extra-info.apiURL="http://www.scala-lang.org/api/2.11.0/" downloaded="false" searched="false" default="false" conf="default, compile, runtime, default(compile), master" position="-1">
				<license name="BSD 3-Clause" url="http://www.scala-lang.org/license.html"/>
				<metadata-artifact status="no" details="" size="2653" time="0" location="/home/ehongka/.ivy2/cache/org.scala-lang/scala-library/ivy-2.11.0.xml" searched="false" origin-is-local="false" origin-location="http://repo1.maven.org/maven2/org/scala-lang/scala-library/2.11.0/scala-library-2.11.0.pom"/>
				<evicted-by rev="2.11.6"/>
				<caller organisation="test-scala" name="test-scala_2.11" conf="compile-internal, compile, provided, optional" rev="2.11.0" rev-constraint-default="2.11.0" rev-constraint-dynamic="2.11.0" callerrev="1.0"/>
				<artifacts>
				</artifacts>
			</revision>
			<revision name="2.11.5" evicted="latest-revision" evicted-reason="" downloaded="false" searched="false" conf="compile, runtime(*), master(compile), runtime, compile(*), master" position="-1">
				<evicted-by rev="2.11.6"/>
				<caller organisation="com.typesafe.akka" name="akka-actor_2.11" conf="default, compile, runtime, master" rev="2.11.5" rev-constraint-default="2.11.5" rev-constraint-dynamic="2.11.5" callerrev="2.3.9"/>
				<caller organisation="com.typesafe.akka" name="akka-remote_2.11" conf="compile, runtime" rev="2.11.5" rev-constraint-default="2.11.5" rev-constraint-dynamic="2.11.5" callerrev="2.3.9"/>
				<caller organisation="com.typesafe.akka" name="akka-cluster_2.11" conf="default, compile, runtime, master" rev="2.11.5" rev-constraint-default="2.11.5" rev-constraint-dynamic="2.11.5" callerrev="2.3.9"/>
				<artifacts>
				</artifacts>
			</revision>
			<revision name="2.11.1" evicted="latest-revision" evicted-reason="" downloaded="false" searched="false" conf="master(*), compile, runtime(*), runtime, compile(*), master" position="-1">
				<evicted-by rev="2.11.6"/>
				<caller organisation="com.typesafe.scala-logging" name="scala-logging_2.11" conf="default, compile, runtime, master" rev="2.11.1" rev-constraint-default="2.11.1" rev-constraint-dynamic="2.11.1" callerrev="3.1.0"/>
				<caller organisation="org.scala-lang" name="scala-reflect" conf="compile, runtime" rev="2.11.1" rev-constraint-default="2.11.1" rev-constraint-dynamic="2.11.1" callerrev="2.11.1"/>
				<artifacts>
				</artifacts>
			</revision>
		</module>
	</dependencies>
</ivy-report>
